<?xml version="1.0" encoding="UTF-8"?>
<!-- Generated by org.testng.reporters.JUnitXMLReporter -->
<testsuite hostname="acer" ignored="0" name="Test" tests="1" failures="1" timestamp="11 Jun 2020 11:27:55 GMT" time="44.029" errors="0">
  <testcase name="totalPriceValidation" time="43.839" classname="PageObjectModel.AppiumFrwk.Ecomm_TC_4">
    <failure type="java.io.FileNotFoundException" message="D:\Automation\AppiumAutomation\AppiumFrwk\src\main\java\PageObjectModel\AppiumFrwk\global.properties\global.properties (The system cannot find the path specified)">
      <![CDATA[java.io.FileNotFoundException: D:\Automation\AppiumAutomation\AppiumFrwk\src\main\java\PageObjectModel\AppiumFrwk\global.properties\global.properties (The system cannot find the path specified)
at java.io.FileInputStream.open0(Native Method)
at java.io.FileInputStream.open(Unknown Source)
at java.io.FileInputStream.<init>(Unknown Source)
at java.io.FileInputStream.<init>(Unknown Source)
at PageObjectModel.AppiumFrwk.base.capabilities(base.java:67)
at PageObjectModel.AppiumFrwk.Ecomm_TC_4.totalPriceValidation(Ecomm_TC_4.java:30)
... Removed 25 stack frames]]>
    </failure>
  </testcase> <!-- totalPriceValidation -->
</testsuite> <!-- Test -->
