<?xml version="1.0" encoding="UTF-8"?>
<!-- Generated by org.testng.reporters.JUnitXMLReporter -->
<testsuite hostname="acer" ignored="0" name="Test" tests="2" failures="2" timestamp="2020-06-14T15:47:39 IST" time="102.847" errors="0">
  <testcase name="totalPriceValidation" time="99.129" classname="PageObjectModel.AppiumFrwk.Ecomm_TC_4">
    <failure type="java.io.FileNotFoundException" message="D:\Automation\AppiumAutomation\AppiumFrwk\src\main\java\PageObjectModel\AppiumFrwk\global.properties\global.properties (The system cannot find the path specified)">
      <![CDATA[java.io.FileNotFoundException: D:\Automation\AppiumAutomation\AppiumFrwk\src\main\java\PageObjectModel\AppiumFrwk\global.properties\global.properties (The system cannot find the path specified)
at java.io.FileInputStream.open0(Native Method)
at java.io.FileInputStream.open(Unknown Source)
at java.io.FileInputStream.<init>(Unknown Source)
at java.io.FileInputStream.<init>(Unknown Source)
at PageObjectModel.AppiumFrwk.base.capabilities(base.java:72)
at PageObjectModel.AppiumFrwk.Ecomm_TC_4.totalPriceValidation(Ecomm_TC_4.java:31)
at java.util.ArrayList.forEach(Unknown Source)
... Removed 31 stack frames]]>
    </failure>
  </testcase> <!-- totalPriceValidation -->
  <testcase name="totalPriceValidation" time="99.648" classname="PageObjectModel.AppiumFrwk.Ecomm_TC_4">
    <failure type="java.lang.NullPointerException">
      <![CDATA[java.lang.NullPointerException
at PageObjectModel.AppiumFrwk.base.getScreenshot(base.java:102)
at resources.Listeners.onTestFailure(Listeners.java:36)
at java.util.ArrayList.forEach(Unknown Source)
... Removed 28 stack frames]]>
    </failure>
  </testcase> <!-- totalPriceValidation -->
</testsuite> <!-- Test -->
