<?xml version="1.0" encoding="UTF-8"?>
<testng-results skipped="0" failed="1" ignored="0" total="1" passed="0">
  <reporter-output>
  </reporter-output>
  <suite name="Suite" duration-ms="44029" started-at="2020-06-11T11:27:10Z" finished-at="2020-06-11T11:27:54Z">
    <groups>
    </groups>
    <test name="Test" duration-ms="44029" started-at="2020-06-11T11:27:10Z" finished-at="2020-06-11T11:27:54Z">
      <class name="PageObjectModel.AppiumFrwk.Ecomm_TC_4">
        <test-method status="FAIL" signature="totalPriceValidation()[pri:0, instance:PageObjectModel.AppiumFrwk.Ecomm_TC_4@3632be31]" name="totalPriceValidation" duration-ms="43839" started-at="2020-06-11T11:27:11Z" finished-at="2020-06-11T11:27:54Z">
          <exception class="java.io.FileNotFoundException">
            <message>
              <![CDATA[D:\Automation\AppiumAutomation\AppiumFrwk\src\main\java\PageObjectModel\AppiumFrwk\global.properties\global.properties (The system cannot find the path specified)]]>
            </message>
            <full-stacktrace>
              <![CDATA[java.io.FileNotFoundException: D:\Automation\AppiumAutomation\AppiumFrwk\src\main\java\PageObjectModel\AppiumFrwk\global.properties\global.properties (The system cannot find the path specified)
at java.io.FileInputStream.open0(Native Method)
at java.io.FileInputStream.open(Unknown Source)
at java.io.FileInputStream.<init>(Unknown Source)
at java.io.FileInputStream.<init>(Unknown Source)
at PageObjectModel.AppiumFrwk.base.capabilities(base.java:67)
at PageObjectModel.AppiumFrwk.Ecomm_TC_4.totalPriceValidation(Ecomm_TC_4.java:30)
at sun.reflect.NativeMethodAccessorImpl.invoke0(Native Method)
at sun.reflect.NativeMethodAccessorImpl.invoke(Unknown Source)
at sun.reflect.DelegatingMethodAccessorImpl.invoke(Unknown Source)
at java.lang.reflect.Method.invoke(Unknown Source)
at org.testng.internal.MethodInvocationHelper.invokeMethod(MethodInvocationHelper.java:124)
at org.testng.internal.Invoker.invokeMethod(Invoker.java:583)
at org.testng.internal.Invoker.invokeTestMethod(Invoker.java:719)
at org.testng.internal.Invoker.invokeTestMethods(Invoker.java:989)
at org.testng.internal.TestMethodWorker.invokeTestMethods(TestMethodWorker.java:125)
at org.testng.internal.TestMethodWorker.run(TestMethodWorker.java:109)
at org.testng.TestRunner.privateRun(TestRunner.java:648)
at org.testng.TestRunner.run(TestRunner.java:505)
at org.testng.SuiteRunner.runTest(SuiteRunner.java:455)
at org.testng.SuiteRunner.runSequentially(SuiteRunner.java:450)
at org.testng.SuiteRunner.privateRun(SuiteRunner.java:415)
at org.testng.SuiteRunner.run(SuiteRunner.java:364)
at org.testng.SuiteRunnerWorker.runSuite(SuiteRunnerWorker.java:52)
at org.testng.SuiteRunnerWorker.run(SuiteRunnerWorker.java:84)
at org.testng.TestNG.runSuitesSequentially(TestNG.java:1208)
at org.testng.TestNG.runSuitesLocally(TestNG.java:1137)
at org.testng.TestNG.runSuites(TestNG.java:1049)
at org.testng.TestNG.run(TestNG.java:1017)
at org.testng.remote.AbstractRemoteTestNG.run(AbstractRemoteTestNG.java:132)
at org.testng.remote.RemoteTestNG.initAndRun(RemoteTestNG.java:236)
at org.testng.remote.RemoteTestNG.main(RemoteTestNG.java:81)
]]>
            </full-stacktrace>
          </exception> <!-- java.io.FileNotFoundException -->
          <reporter-output>
          </reporter-output>
        </test-method> <!-- totalPriceValidation -->
      </class> <!-- PageObjectModel.AppiumFrwk.Ecomm_TC_4 -->
    </test> <!-- Test -->
  </suite> <!-- Suite -->
</testng-results>
